<wxlog>
  <threadId>#main</threadId>
  <timestamp>17:41:56:3153</timestamp>
  <msgtype>MsgWXLogLaunch</msgtype>
  <content>[The WXLogger is launched!]</content>
  <stackFrames>
[CALL STACK][0]: Method:WXTextureTools.Application.Options.OptionsConfig..ctor; File:.0
[CALL STACK][1]: Method:WXTextureTools.Application.Options.OptionsParser.ConsoleArgsParse; File:.0
[CALL STACK][2]: Method:WXTextureTools.Application.App..ctor; File:.0
</stackFrames>
</wxlog>
<wxlog>
  <threadId>#main</threadId>
  <timestamp>17:41:56:4039</timestamp>
  <msgtype>MsgMixture</msgtype>
  <content>string|String[]
OptionsConfig,-option=text
-do=assetListInfo
-sourceDir=/Users/wrath/Desktop/Farm/webgl
-dataDir=/Users/wrath/Documents/Unity/Farm/TextToolDatas
</content>
  <stackFrames>
[CALL STACK][0]: Method:WXTextureTools.Application.Options.OptionsConfig..ctor; File:.0
[CALL STACK][1]: Method:WXTextureTools.Application.Options.OptionsParser.ConsoleArgsParse; File:.0
[CALL STACK][2]: Method:WXTextureTools.Application.App..ctor; File:.0
</stackFrames>
</wxlog>
<wxlog>
  <threadId>#main</threadId>
  <timestamp>17:41:56:4226</timestamp>
  <msgtype>MsgMixture</msgtype>
  <content>string|string
UnityBridgeHandler - SetDataDir,/Users/wrath/Documents/Unity/Farm/TextToolDatas/temp</content>
  <stackFrames>
[CALL STACK][0]: Method:WXTextureTools.Application.UnityBridge.UnityBridgeHandler.SetDataDir; File:.0
[CALL STACK][1]: Method:WXTextureTools.Application.App..ctor; File:.0
[CALL STACK][2]: Method:WXTextureTools.Program.Main; File:.0
</stackFrames>
</wxlog>
<wxlog>
  <threadId>#main</threadId>
  <timestamp>17:41:56:4533</timestamp>
  <msgtype>MsgString</msgtype>
  <content>WXTextureMinExec</content>
  <stackFrames>
[CALL STACK][0]: Method:WXTextureTools.Application.AppCmdExec.WXTextureMinExec..ctor; File:.0
[CALL STACK][1]: Method:WXTextureTools.Application.App.process; File:.0
[CALL STACK][2]: Method:WXTextureTools.Application.App..ctor; File:.0
</stackFrames>
</wxlog>
<wxlog>
  <threadId>#main</threadId>
  <timestamp>17:41:56:4563</timestamp>
  <msgtype>MsgMixture</msgtype>
  <content>string|string
IgnoreHandler,/Users/wrath/Documents/Unity/Farm/TextToolDatas/bundlerIgnore.txt</content>
  <stackFrames>
[CALL STACK][0]: Method:WXTextureTools.Application.Ignore.IgnoreHandler..ctor; File:.0
[CALL STACK][1]: Method:WXTextureTools.Application.AppCmdExec.WXTextureMinExec.todo; File:.0
[CALL STACK][2]: Method:WXTextureTools.Application.AppCmdExec.WXTextureMinExec..ctor; File:.0
</stackFrames>
</wxlog>
<wxlog>
  <threadId>#main</threadId>
  <timestamp>17:41:56:4886</timestamp>
  <msgtype>MsgMixture</msgtype>
  <content>string|String[]
WXTextureMinExec files,/Users/wrath/Desktop/Farm/webgl/193e347179b70346.webgl.data.unityweb.bin.txt
/Users/wrath/Desktop/Farm/webgl/81d1b64c657ad39a.webgl.wasm.code.unityweb.wasm.br
/Users/wrath/Desktop/Farm/webgl/Build/webgl.data
/Users/wrath/Desktop/Farm/webgl/Build/webgl.framework.js
/Users/wrath/Desktop/Farm/webgl/Build/webgl.loader.js
/Users/wrath/Desktop/Farm/webgl/Build/webgl.wasm
/Users/wrath/Desktop/Farm/webgl/index.html
</content>
  <stackFrames>
[CALL STACK][0]: Method:WXTextureTools.Application.AppCmdExec.WXTextureMinExec.todo; File:.0
[CALL STACK][1]: Method:WXTextureTools.Application.AppCmdExec.WXTextureMinExec..ctor; File:.0
[CALL STACK][2]: Method:WXTextureTools.Application.App.process; File:.0
</stackFrames>
</wxlog>
