<wxlog>
  <threadId>#main</threadId>
  <timestamp>15:59:01:6102</timestamp>
  <msgtype>MsgWXLogLaunch</msgtype>
  <content>[The WXLogger is launched!]</content>
  <stackFrames>
[CALL STACK][0]: Method:WXTextureTools.Application.Options.OptionsConfig..ctor; File:.0
[CALL STACK][1]: Method:WXTextureTools.Application.Options.OptionsParser.ConsoleArgsParse; File:.0
[CALL STACK][2]: Method:WXTextureTools.Application.App..ctor; File:.0
</stackFrames>
</wxlog>
<wxlog>
  <threadId>#main</threadId>
  <timestamp>15:59:01:7416</timestamp>
  <msgtype>MsgMixture</msgtype>
  <content>string|String[]
OptionsConfig,-option=text
-do=assetListInfo
-sourceDir=/Users/wrath/Desktop/Farm/webgl
-dataDir=/Users/wrath/Documents/Unity/Farm/TextToolDatas
</content>
  <stackFrames>
[CALL STACK][0]: Method:WXTextureTools.Application.Options.OptionsConfig..ctor; File:.0
[CALL STACK][1]: Method:WXTextureTools.Application.Options.OptionsParser.ConsoleArgsParse; File:.0
[CALL STACK][2]: Method:WXTextureTools.Application.App..ctor; File:.0
</stackFrames>
</wxlog>
<wxlog>
  <threadId>#main</threadId>
  <timestamp>15:59:01:7621</timestamp>
  <msgtype>MsgMixture</msgtype>
  <content>string|string
UnityBridgeHandler - SetDataDir,/Users/wrath/Documents/Unity/Farm/TextToolDatas/temp</content>
  <stackFrames>
[CALL STACK][0]: Method:WXTextureTools.Application.UnityBridge.UnityBridgeHandler.SetDataDir; File:.0
[CALL STACK][1]: Method:WXTextureTools.Application.App..ctor; File:.0
[CALL STACK][2]: Method:WXTextureTools.Program.Main; File:.0
</stackFrames>
</wxlog>
<wxlog>
  <threadId>#main</threadId>
  <timestamp>15:59:01:8353</timestamp>
  <msgtype>MsgString</msgtype>
  <content>WXTextureMinExec</content>
  <stackFrames>
[CALL STACK][0]: Method:WXTextureTools.Application.AppCmdExec.WXTextureMinExec..ctor; File:.0
[CALL STACK][1]: Method:WXTextureTools.Application.App.process; File:.0
[CALL STACK][2]: Method:WXTextureTools.Application.App..ctor; File:.0
</stackFrames>
</wxlog>
<wxlog>
  <threadId>#main</threadId>
  <timestamp>15:59:01:8415</timestamp>
  <msgtype>MsgMixture</msgtype>
  <content>string|string
IgnoreHandler,/Users/wrath/Documents/Unity/Farm/TextToolDatas/bundlerIgnore.txt</content>
  <stackFrames>
[CALL STACK][0]: Method:WXTextureTools.Application.Ignore.IgnoreHandler..ctor; File:.0
[CALL STACK][1]: Method:WXTextureTools.Application.AppCmdExec.WXTextureMinExec.todo; File:.0
[CALL STACK][2]: Method:WXTextureTools.Application.AppCmdExec.WXTextureMinExec..ctor; File:.0
</stackFrames>
</wxlog>
<wxlog>
  <threadId>#main</threadId>
  <timestamp>15:59:01:8449</timestamp>
  <msgtype>MsgMixture</msgtype>
  <content>string|bool
dealFirstBundle,true</content>
  <stackFrames>
[CALL STACK][0]: Method:WXTextureTools.Application.Ignore.IgnoreHandler.loadData; File:.0
[CALL STACK][1]: Method:WXTextureTools.Application.Ignore.IgnoreHandler..ctor; File:.0
[CALL STACK][2]: Method:WXTextureTools.Application.AppCmdExec.WXTextureMinExec.todo; File:.0
</stackFrames>
</wxlog>
<wxlog>
  <threadId>#main</threadId>
  <timestamp>15:59:01:8450</timestamp>
  <msgtype>MsgMixture</msgtype>
  <content>string|String[]
ignore,</content>
  <stackFrames>
[CALL STACK][0]: Method:WXTextureTools.Application.Ignore.IgnoreHandler.loadData; File:.0
[CALL STACK][1]: Method:WXTextureTools.Application.Ignore.IgnoreHandler..ctor; File:.0
[CALL STACK][2]: Method:WXTextureTools.Application.AppCmdExec.WXTextureMinExec.todo; File:.0
</stackFrames>
</wxlog>
<wxlog>
  <threadId>#main</threadId>
  <timestamp>15:59:01:8451</timestamp>
  <msgtype>MsgMixture</msgtype>
  <content>string|String[]
noneIgnore,/Users/wrath/Desktop/Farm/webgl/StreamingAssets/aa/WebGL/af1dd8e93dec8484deb9d78c8e635c75_unitybuiltinshaders_b7e157518dc1e231511d08aaad93956a.bundle
/Users/wrath/Desktop/Farm/webgl/StreamingAssets/aa/WebGL/crop_assets_all_8b8c1ae669f3746ed6c42ba31fda7c7b.bundle
/Users/wrath/Desktop/Farm/webgl/StreamingAssets/aa/WebGL/font_assets_all_80f8e910459572f887f7b64c24119aae.bundle
/Users/wrath/Desktop/Farm/webgl/StreamingAssets/aa/WebGL/inventory_assets_all_0f64aed8a74a9e0f06a23a798401d490.bundle
/Users/wrath/Desktop/Farm/webgl/StreamingAssets/aa/WebGL/light_assets_all_2ff79039b0ceff1d3e55253dc6ccdcaf.bundle
/Users/wrath/Desktop/Farm/webgl/StreamingAssets/aa/WebGL/mapdata_assets_all_2b7de63adb5563fa1f18d63de911cc79.bundle
/Users/wrath/Desktop/Farm/webgl/StreamingAssets/aa/WebGL/npc_assets_all_e8eb5045483e2a1cdad6c10d24bd732d.bundle
/Users/wrath/Desktop/Farm/webgl/StreamingAssets/aa/WebGL/prefab_assets_all_59403626abbbf76df39668633f6ff5f6.bundle
/Users/wrath/Desktop/Farm/webgl/StreamingAssets/aa/WebGL/ruletiles_assets_all_3e9814b07e0a0f2e9321773392d098d1.bundle
/Users/wrath/Desktop/Farm/webgl/StreamingAssets/aa/WebGL/sound_assets_all_43ac23d441c10a318c190d0edc46736c.bundle
</content>
  <stackFrames>
[CALL STACK][0]: Method:WXTextureTools.Application.Ignore.IgnoreHandler.loadData; File:.0
[CALL STACK][1]: Method:WXTextureTools.Application.Ignore.IgnoreHandler..ctor; File:.0
[CALL STACK][2]: Method:WXTextureTools.Application.AppCmdExec.WXTextureMinExec.todo; File:.0
</stackFrames>
</wxlog>
<wxlog>
  <threadId>#main</threadId>
  <timestamp>15:59:01:8917</timestamp>
  <msgtype>MsgMixture</msgtype>
  <content>string|String[]
WXTextureMinExec files,/Users/wrath/Desktop/Farm/webgl/.DS_Store
/Users/wrath/Desktop/Farm/webgl/221be82f76024c8e.webgl.data.unityweb.bin.txt
/Users/wrath/Desktop/Farm/webgl/Build/webgl.data
/Users/wrath/Desktop/Farm/webgl/Build/webgl.framework.js
/Users/wrath/Desktop/Farm/webgl/Build/webgl.loader.js
/Users/wrath/Desktop/Farm/webgl/Build/webgl.wasm
/Users/wrath/Desktop/Farm/webgl/StreamingAssets/aa/AddressablesLink/link.xml
/Users/wrath/Desktop/Farm/webgl/StreamingAssets/aa/WebGL/af1dd8e93dec8484deb9d78c8e635c75_unitybuiltinshaders_b7e157518dc1e231511d08aaad93956a.bundle
/Users/wrath/Desktop/Farm/webgl/StreamingAssets/aa/WebGL/crop_assets_all_8b8c1ae669f3746ed6c42ba31fda7c7b.bundle
/Users/wrath/Desktop/Farm/webgl/StreamingAssets/aa/WebGL/font_assets_all_80f8e910459572f887f7b64c24119aae.bundle
/Users/wrath/Desktop/Farm/webgl/StreamingAssets/aa/WebGL/inventory_assets_all_0f64aed8a74a9e0f06a23a798401d490.bundle
/Users/wrath/Desktop/Farm/webgl/StreamingAssets/aa/WebGL/light_assets_all_2ff79039b0ceff1d3e55253dc6ccdcaf.bundle
/Users/wrath/Desktop/Farm/webgl/StreamingAssets/aa/WebGL/mapdata_assets_all_2b7de63adb5563fa1f18d63de911cc79.bundle
/Users/wrath/Desktop/Farm/webgl/StreamingAssets/aa/WebGL/npc_assets_all_e8eb5045483e2a1cdad6c10d24bd732d.bundle
/Users/wrath/Desktop/Farm/webgl/StreamingAssets/aa/WebGL/prefab_assets_all_59403626abbbf76df39668633f6ff5f6.bundle
/Users/wrath/Desktop/Farm/webgl/StreamingAssets/aa/WebGL/ruletiles_assets_all_21862f05b45e6e7c661ff2fe583661e6.bundle
/Users/wrath/Desktop/Farm/webgl/StreamingAssets/aa/WebGL/sound_assets_all_43ac23d441c10a318c190d0edc46736c.bundle
/Users/wrath/Desktop/Farm/webgl/StreamingAssets/aa/catalog.json
/Users/wrath/Desktop/Farm/webgl/StreamingAssets/aa/settings.json
/Users/wrath/Desktop/Farm/webgl/f966ac8b0201796d.webgl.wasm.code.unityweb.wasm.br
/Users/wrath/Desktop/Farm/webgl/index.html
</content>
  <stackFrames>
[CALL STACK][0]: Method:WXTextureTools.Application.AppCmdExec.WXTextureMinExec.todo; File:.0
[CALL STACK][1]: Method:WXTextureTools.Application.AppCmdExec.WXTextureMinExec..ctor; File:.0
[CALL STACK][2]: Method:WXTextureTools.Application.App.process; File:.0
</stackFrames>
</wxlog>
<wxlog>
  <threadId>#main</threadId>
  <timestamp>15:59:01:8921</timestamp>
  <msgtype>MsgMixture</msgtype>
  <content>string|String[]
WXTextureMinExec filesAB,</content>
  <stackFrames>
[CALL STACK][0]: Method:WXTextureTools.Application.AppCmdExec.WXTextureMinExec.todo; File:.0
[CALL STACK][1]: Method:WXTextureTools.Application.AppCmdExec.WXTextureMinExec..ctor; File:.0
[CALL STACK][2]: Method:WXTextureTools.Application.App.process; File:.0
</stackFrames>
</wxlog>
<wxlog>
  <threadId>#main</threadId>
  <timestamp>15:59:01:9284</timestamp>
  <msgtype>MsgMixture</msgtype>
  <content>string|String[]
WXTextureMinExec copyFiles,/Users/wrath/Desktop/Farm/webgl/.DS_Store
/Users/wrath/Desktop/Farm/webgl/Build/webgl.data
/Users/wrath/Desktop/Farm/webgl/Build/webgl.framework.js
/Users/wrath/Desktop/Farm/webgl/Build/webgl.loader.js
/Users/wrath/Desktop/Farm/webgl/Build/webgl.wasm
/Users/wrath/Desktop/Farm/webgl/StreamingAssets/aa/AddressablesLink/link.xml
/Users/wrath/Desktop/Farm/webgl/StreamingAssets/aa/catalog.json
/Users/wrath/Desktop/Farm/webgl/StreamingAssets/aa/settings.json
/Users/wrath/Desktop/Farm/webgl/f966ac8b0201796d.webgl.wasm.code.unityweb.wasm.br
/Users/wrath/Desktop/Farm/webgl/index.html
</content>
  <stackFrames>
[CALL STACK][0]: Method:WXTextureTools.Application.AppCmdExec.WXTextureMinExec.todo; File:.0
[CALL STACK][1]: Method:WXTextureTools.Application.AppCmdExec.WXTextureMinExec..ctor; File:.0
[CALL STACK][2]: Method:WXTextureTools.Application.App.process; File:.0
</stackFrames>
</wxlog>
<wxlog>
  <threadId>#main</threadId>
  <timestamp>15:59:01:9287</timestamp>
  <msgtype>MsgMixture</msgtype>
  <content>string|String[]
WXTextureMinExec assetBundles,/Users/wrath/Desktop/Farm/webgl/StreamingAssets/aa/WebGL/af1dd8e93dec8484deb9d78c8e635c75_unitybuiltinshaders_b7e157518dc1e231511d08aaad93956a.bundle
/Users/wrath/Desktop/Farm/webgl/StreamingAssets/aa/WebGL/crop_assets_all_8b8c1ae669f3746ed6c42ba31fda7c7b.bundle
/Users/wrath/Desktop/Farm/webgl/StreamingAssets/aa/WebGL/font_assets_all_80f8e910459572f887f7b64c24119aae.bundle
/Users/wrath/Desktop/Farm/webgl/StreamingAssets/aa/WebGL/inventory_assets_all_0f64aed8a74a9e0f06a23a798401d490.bundle
/Users/wrath/Desktop/Farm/webgl/StreamingAssets/aa/WebGL/light_assets_all_2ff79039b0ceff1d3e55253dc6ccdcaf.bundle
/Users/wrath/Desktop/Farm/webgl/StreamingAssets/aa/WebGL/mapdata_assets_all_2b7de63adb5563fa1f18d63de911cc79.bundle
/Users/wrath/Desktop/Farm/webgl/StreamingAssets/aa/WebGL/npc_assets_all_e8eb5045483e2a1cdad6c10d24bd732d.bundle
/Users/wrath/Desktop/Farm/webgl/StreamingAssets/aa/WebGL/prefab_assets_all_59403626abbbf76df39668633f6ff5f6.bundle
/Users/wrath/Desktop/Farm/webgl/StreamingAssets/aa/WebGL/ruletiles_assets_all_21862f05b45e6e7c661ff2fe583661e6.bundle
/Users/wrath/Desktop/Farm/webgl/StreamingAssets/aa/WebGL/sound_assets_all_43ac23d441c10a318c190d0edc46736c.bundle
</content>
  <stackFrames>
[CALL STACK][0]: Method:WXTextureTools.Application.AppCmdExec.WXTextureMinExec.todo; File:.0
[CALL STACK][1]: Method:WXTextureTools.Application.AppCmdExec.WXTextureMinExec..ctor; File:.0
[CALL STACK][2]: Method:WXTextureTools.Application.App.process; File:.0
</stackFrames>
</wxlog>
<wxlog>
  <threadId>#main</threadId>
  <timestamp>15:59:01:9288</timestamp>
  <msgtype>MsgMixture</msgtype>
  <content>string|String[]
WXTextureMinExec firstBundles,/Users/wrath/Desktop/Farm/webgl/221be82f76024c8e.webgl.data.unityweb.bin.txt
</content>
  <stackFrames>
[CALL STACK][0]: Method:WXTextureTools.Application.AppCmdExec.WXTextureMinExec.todo; File:.0
[CALL STACK][1]: Method:WXTextureTools.Application.AppCmdExec.WXTextureMinExec..ctor; File:.0
[CALL STACK][2]: Method:WXTextureTools.Application.App.process; File:.0
</stackFrames>
</wxlog>
<wxlog>
  <threadId>#main</threadId>
  <timestamp>15:59:01:9289</timestamp>
  <msgtype>MsgMixture</msgtype>
  <content>string|String[]
WXTextureMinExec copyFiles2,</content>
  <stackFrames>
[CALL STACK][0]: Method:WXTextureTools.Application.AppCmdExec.WXTextureMinExec.todo; File:.0
[CALL STACK][1]: Method:WXTextureTools.Application.AppCmdExec.WXTextureMinExec..ctor; File:.0
[CALL STACK][2]: Method:WXTextureTools.Application.App.process; File:.0
</stackFrames>
</wxlog>
<wxlog>
  <threadId>#main</threadId>
  <timestamp>15:59:01:9290</timestamp>
  <msgtype>MsgMixture</msgtype>
  <content>string|String[]
WXTextureMinExec assetBundles2,</content>
  <stackFrames>
[CALL STACK][0]: Method:WXTextureTools.Application.AppCmdExec.WXTextureMinExec.todo; File:.0
[CALL STACK][1]: Method:WXTextureTools.Application.AppCmdExec.WXTextureMinExec..ctor; File:.0
[CALL STACK][2]: Method:WXTextureTools.Application.App.process; File:.0
</stackFrames>
</wxlog>
