<wxlog>
  <threadId>#main</threadId>
  <timestamp>18:32:09:8793</timestamp>
  <msgtype>MsgWXLogLaunch</msgtype>
  <content>[The WXLogger is launched!]</content>
  <stackFrames>
[CALL STACK][0]: Method:WXTextureTools.Application.Options.OptionsConfig..ctor; File:.0
[CALL STACK][1]: Method:WXTextureTools.Application.Options.OptionsParser.ConsoleArgsParse; File:.0
[CALL STACK][2]: Method:WXTextureTools.Application.App..ctor; File:.0
</stackFrames>
</wxlog>
<wxlog>
  <threadId>#main</threadId>
  <timestamp>18:32:10:0088</timestamp>
  <msgtype>MsgMixture</msgtype>
  <content>string|String[]
OptionsConfig,-option=text
-do=assetListInfo
-sourceDir=/Users/wrath/Desktop/Farm/webgl
-dataDir=/Users/wrath/Documents/Unity/Farm/TextToolDatas
</content>
  <stackFrames>
[CALL STACK][0]: Method:WXTextureTools.Application.Options.OptionsConfig..ctor; File:.0
[CALL STACK][1]: Method:WXTextureTools.Application.Options.OptionsParser.ConsoleArgsParse; File:.0
[CALL STACK][2]: Method:WXTextureTools.Application.App..ctor; File:.0
</stackFrames>
</wxlog>
<wxlog>
  <threadId>#main</threadId>
  <timestamp>18:32:10:0314</timestamp>
  <msgtype>MsgMixture</msgtype>
  <content>string|string
UnityBridgeHandler - SetDataDir,/Users/wrath/Documents/Unity/Farm/TextToolDatas/temp</content>
  <stackFrames>
[CALL STACK][0]: Method:WXTextureTools.Application.UnityBridge.UnityBridgeHandler.SetDataDir; File:.0
[CALL STACK][1]: Method:WXTextureTools.Application.App..ctor; File:.0
[CALL STACK][2]: Method:WXTextureTools.Program.Main; File:.0
</stackFrames>
</wxlog>
<wxlog>
  <threadId>#main</threadId>
  <timestamp>18:32:10:0774</timestamp>
  <msgtype>MsgString</msgtype>
  <content>WXTextureMinExec</content>
  <stackFrames>
[CALL STACK][0]: Method:WXTextureTools.Application.AppCmdExec.WXTextureMinExec..ctor; File:.0
[CALL STACK][1]: Method:WXTextureTools.Application.App.process; File:.0
[CALL STACK][2]: Method:WXTextureTools.Application.App..ctor; File:.0
</stackFrames>
</wxlog>
<wxlog>
  <threadId>#main</threadId>
  <timestamp>18:32:10:0848</timestamp>
  <msgtype>MsgMixture</msgtype>
  <content>string|string
IgnoreHandler,/Users/wrath/Documents/Unity/Farm/TextToolDatas/bundlerIgnore.txt</content>
  <stackFrames>
[CALL STACK][0]: Method:WXTextureTools.Application.Ignore.IgnoreHandler..ctor; File:.0
[CALL STACK][1]: Method:WXTextureTools.Application.AppCmdExec.WXTextureMinExec.todo; File:.0
[CALL STACK][2]: Method:WXTextureTools.Application.AppCmdExec.WXTextureMinExec..ctor; File:.0
</stackFrames>
</wxlog>
<wxlog>
  <threadId>#main</threadId>
  <timestamp>18:32:10:1439</timestamp>
  <msgtype>MsgMixture</msgtype>
  <content>string|String[]
WXTextureMinExec files,/Users/wrath/Desktop/Farm/webgl/46f585cfdbe79e83.webgl.wasm.code.unityweb.wasm.br
/Users/wrath/Desktop/Farm/webgl/9018a6cb46735ac7.webgl.data.unityweb.bin.txt
/Users/wrath/Desktop/Farm/webgl/Build/webgl.data
/Users/wrath/Desktop/Farm/webgl/Build/webgl.framework.js
/Users/wrath/Desktop/Farm/webgl/Build/webgl.loader.js
/Users/wrath/Desktop/Farm/webgl/Build/webgl.wasm
/Users/wrath/Desktop/Farm/webgl/StreamingAssets/aa/AddressablesLink/link.xml
/Users/wrath/Desktop/Farm/webgl/StreamingAssets/aa/WebGL/af1dd8e93dec8484deb9d78c8e635c75_unitybuiltinshaders_80b00504857291a6830fad224ea15287.bundle
/Users/wrath/Desktop/Farm/webgl/StreamingAssets/aa/WebGL/crop_assets_all_449c0d8d789bb280d38db1441871b515.bundle
/Users/wrath/Desktop/Farm/webgl/StreamingAssets/aa/WebGL/inventory_assets_all_176bd532dbf9603fcd81f2b4969e5ff2.bundle
/Users/wrath/Desktop/Farm/webgl/StreamingAssets/aa/WebGL/light_assets_all_2ff79039b0ceff1d3e55253dc6ccdcaf.bundle
/Users/wrath/Desktop/Farm/webgl/StreamingAssets/aa/WebGL/mapdata_assets_all_2b7de63adb5563fa1f18d63de911cc79.bundle
/Users/wrath/Desktop/Farm/webgl/StreamingAssets/aa/WebGL/npc_assets_all_7015886c7c022f0ffe7b278e3d4e02a1.bundle
/Users/wrath/Desktop/Farm/webgl/StreamingAssets/aa/WebGL/prefab_assets_all_1c3867dac12100e08281af6b8f1bd843.bundle
/Users/wrath/Desktop/Farm/webgl/StreamingAssets/aa/WebGL/ruletiles_assets_all_3f017e4b7460b92975abb736a135227a.bundle
/Users/wrath/Desktop/Farm/webgl/StreamingAssets/aa/WebGL/sound_assets_all_43ac23d441c10a318c190d0edc46736c.bundle
/Users/wrath/Desktop/Farm/webgl/StreamingAssets/aa/catalog.json
/Users/wrath/Desktop/Farm/webgl/StreamingAssets/aa/settings.json
/Users/wrath/Desktop/Farm/webgl/index.html
</content>
  <stackFrames>
[CALL STACK][0]: Method:WXTextureTools.Application.AppCmdExec.WXTextureMinExec.todo; File:.0
[CALL STACK][1]: Method:WXTextureTools.Application.AppCmdExec.WXTextureMinExec..ctor; File:.0
[CALL STACK][2]: Method:WXTextureTools.Application.App.process; File:.0
</stackFrames>
</wxlog>
<wxlog>
  <threadId>#main</threadId>
  <timestamp>18:32:10:1443</timestamp>
  <msgtype>MsgMixture</msgtype>
  <content>string|String[]
WXTextureMinExec filesAB,</content>
  <stackFrames>
[CALL STACK][0]: Method:WXTextureTools.Application.AppCmdExec.WXTextureMinExec.todo; File:.0
[CALL STACK][1]: Method:WXTextureTools.Application.AppCmdExec.WXTextureMinExec..ctor; File:.0
[CALL STACK][2]: Method:WXTextureTools.Application.App.process; File:.0
</stackFrames>
</wxlog>
<wxlog>
  <threadId>#main</threadId>
  <timestamp>18:32:10:1702</timestamp>
  <msgtype>MsgMixture</msgtype>
  <content>string|String[]
WXTextureMinExec copyFiles,/Users/wrath/Desktop/Farm/webgl/46f585cfdbe79e83.webgl.wasm.code.unityweb.wasm.br
/Users/wrath/Desktop/Farm/webgl/Build/webgl.data
/Users/wrath/Desktop/Farm/webgl/Build/webgl.framework.js
/Users/wrath/Desktop/Farm/webgl/Build/webgl.loader.js
/Users/wrath/Desktop/Farm/webgl/Build/webgl.wasm
/Users/wrath/Desktop/Farm/webgl/StreamingAssets/aa/AddressablesLink/link.xml
/Users/wrath/Desktop/Farm/webgl/StreamingAssets/aa/catalog.json
/Users/wrath/Desktop/Farm/webgl/StreamingAssets/aa/settings.json
/Users/wrath/Desktop/Farm/webgl/index.html
</content>
  <stackFrames>
[CALL STACK][0]: Method:WXTextureTools.Application.AppCmdExec.WXTextureMinExec.todo; File:.0
[CALL STACK][1]: Method:WXTextureTools.Application.AppCmdExec.WXTextureMinExec..ctor; File:.0
[CALL STACK][2]: Method:WXTextureTools.Application.App.process; File:.0
</stackFrames>
</wxlog>
<wxlog>
  <threadId>#main</threadId>
  <timestamp>18:32:10:1705</timestamp>
  <msgtype>MsgMixture</msgtype>
  <content>string|String[]
WXTextureMinExec assetBundles,/Users/wrath/Desktop/Farm/webgl/StreamingAssets/aa/WebGL/af1dd8e93dec8484deb9d78c8e635c75_unitybuiltinshaders_80b00504857291a6830fad224ea15287.bundle
/Users/wrath/Desktop/Farm/webgl/StreamingAssets/aa/WebGL/crop_assets_all_449c0d8d789bb280d38db1441871b515.bundle
/Users/wrath/Desktop/Farm/webgl/StreamingAssets/aa/WebGL/inventory_assets_all_176bd532dbf9603fcd81f2b4969e5ff2.bundle
/Users/wrath/Desktop/Farm/webgl/StreamingAssets/aa/WebGL/light_assets_all_2ff79039b0ceff1d3e55253dc6ccdcaf.bundle
/Users/wrath/Desktop/Farm/webgl/StreamingAssets/aa/WebGL/mapdata_assets_all_2b7de63adb5563fa1f18d63de911cc79.bundle
/Users/wrath/Desktop/Farm/webgl/StreamingAssets/aa/WebGL/npc_assets_all_7015886c7c022f0ffe7b278e3d4e02a1.bundle
/Users/wrath/Desktop/Farm/webgl/StreamingAssets/aa/WebGL/prefab_assets_all_1c3867dac12100e08281af6b8f1bd843.bundle
/Users/wrath/Desktop/Farm/webgl/StreamingAssets/aa/WebGL/ruletiles_assets_all_3f017e4b7460b92975abb736a135227a.bundle
/Users/wrath/Desktop/Farm/webgl/StreamingAssets/aa/WebGL/sound_assets_all_43ac23d441c10a318c190d0edc46736c.bundle
</content>
  <stackFrames>
[CALL STACK][0]: Method:WXTextureTools.Application.AppCmdExec.WXTextureMinExec.todo; File:.0
[CALL STACK][1]: Method:WXTextureTools.Application.AppCmdExec.WXTextureMinExec..ctor; File:.0
[CALL STACK][2]: Method:WXTextureTools.Application.App.process; File:.0
</stackFrames>
</wxlog>
<wxlog>
  <threadId>#main</threadId>
  <timestamp>18:32:10:1707</timestamp>
  <msgtype>MsgMixture</msgtype>
  <content>string|String[]
WXTextureMinExec firstBundles,/Users/wrath/Desktop/Farm/webgl/9018a6cb46735ac7.webgl.data.unityweb.bin.txt
</content>
  <stackFrames>
[CALL STACK][0]: Method:WXTextureTools.Application.AppCmdExec.WXTextureMinExec.todo; File:.0
[CALL STACK][1]: Method:WXTextureTools.Application.AppCmdExec.WXTextureMinExec..ctor; File:.0
[CALL STACK][2]: Method:WXTextureTools.Application.App.process; File:.0
</stackFrames>
</wxlog>
<wxlog>
  <threadId>#main</threadId>
  <timestamp>18:32:10:1707</timestamp>
  <msgtype>MsgMixture</msgtype>
  <content>string|String[]
WXTextureMinExec copyFiles2,</content>
  <stackFrames>
[CALL STACK][0]: Method:WXTextureTools.Application.AppCmdExec.WXTextureMinExec.todo; File:.0
[CALL STACK][1]: Method:WXTextureTools.Application.AppCmdExec.WXTextureMinExec..ctor; File:.0
[CALL STACK][2]: Method:WXTextureTools.Application.App.process; File:.0
</stackFrames>
</wxlog>
